<?xml version="1.0" encoding="UTF-8"?>
<!-- Generated by org.testng.reporters.JUnitReportReporter -->
<testsuite hostname="Tabassum" failures="0" tests="1" name="testScripts_library.TestCase1" time="17.486" errors="0" timestamp="2023-07-14T13:36:29 IST" skipped="0">
  <testcase classname="testScripts_library.TestCase1" name="tc01" time="17.486"/>
</testsuite> <!-- testScripts_library.TestCase1 -->
